

Microchip MPLAB XC8 Assembler V2.35 build 20211206165544 
                                                                                               Thu Jul 28 22:25:33 2022

Microchip MPLAB XC8 C Compiler v2.35 (Free license) build 20211206165544 Og1 
     1                           	processor	16F887
     2                           	pagewidth 120
     3                           	opt	flic
     4                           	psect	cinit,global,class=CODE,merge=1,delta=2
     5                           	psect	cstackCOMMON,global,class=COMMON,space=1,delta=1,noexec
     6                           	psect	maintext,global,class=CODE,split=1,delta=2
     7                           	psect	idloc,global,abs,ovrld,class=IDLOC,space=5,delta=2,noexec
     8                           	psect	config,global,abs,ovrld,class=CONFIG,space=4,delta=2,noexec
     9                           	dabs	1,0x7E,2
    10  0000                     
    11                           ; Version 2.40
    12                           ; Generated 17/11/2021 GMT
    13                           ; 
    14                           ; Copyright © 2021, Microchip Technology Inc. and its subsidiaries ("Microchip")
    15                           ; All rights reserved.
    16                           ; 
    17                           ; This software is developed by Microchip Technology Inc. and its subsidiaries ("Microch
      +                          ip").
    18                           ; 
    19                           ; Redistribution and use in source and binary forms, with or without modification, are
    20                           ; permitted provided that the following conditions are met:
    21                           ; 
    22                           ;     1. Redistributions of source code must retain the above copyright notice, this lis
      +                          t of
    23                           ;        conditions and the following disclaimer.
    24                           ; 
    25                           ;     2. Redistributions in binary form must reproduce the above copyright notice, this 
      +                          list
    26                           ;        of conditions and the following disclaimer in the documentation and/or other
    27                           ;        materials provided with the distribution. Publication is not required when
    28                           ;        this file is used in an embedded application.
    29                           ; 
    30                           ;     3. Microchip's name may not be used to endorse or promote products derived from th
      +                          is
    31                           ;        software without specific prior written permission.
    32                           ; 
    33                           ; THIS SOFTWARE IS PROVIDED BY MICROCHIP "AS IS" AND ANY EXPRESS OR IMPLIED WARRANTIES,
    34                           ; INCLUDING, BUT NOT LIMITED TO, THE IMPLIED WARRANTIES OF MERCHANTABILITY AND FITNESS F
      +                          OR
    35                           ; PURPOSE ARE DISCLAIMED.  IN NO EVENT SHALL MICROCHIP BE LIABLE FOR ANY DIRECT, INDIREC
      +                          T,
    36                           ; INCIDENTAL, SPECIAL, EXEMPLARY, OR CONSEQUENTIAL DAMAGES (INCLUDING BUT NOT LIMITED TO
    37                           ; PROCUREMENT OF SUBSTITUTE GOODS OR SERVICES; LOSS OF USE, DATA OR PROFITS; OR BUSINESS
    38                           ; INTERRUPTION) HOWSOEVER CAUSED AND ON ANY THEORY OF LIABILITY, WHETHER IN CONTRACT, ST
      +                          RICT
    39                           ; LIABILITY, OR TORT (INCLUDING NEGLIGENCE OR OTHERWISE) ARISING IN ANY WAY OUT OF THE U
      +                          SE OF
    40                           ; THIS SOFTWARE, EVEN IF ADVISED OF THE POSSIBILITY OF SUCH DAMAGE.
    41                           ; 
    42                           ; 
    43                           ; Code-generator required, PIC16F887 Definitions
    44                           ; 
    45                           ; SFR Addresses
    46  0000                     	;# 
    47  0001                     	;# 
    48  0002                     	;# 
    49  0003                     	;# 
    50  0004                     	;# 
    51  0005                     	;# 
    52  0006                     	;# 
    53  0007                     	;# 
    54  0008                     	;# 
    55  0009                     	;# 
    56  000A                     	;# 
    57  000B                     	;# 
    58  000C                     	;# 
    59  000D                     	;# 
    60  000E                     	;# 
    61  000E                     	;# 
    62  000F                     	;# 
    63  0010                     	;# 
    64  0011                     	;# 
    65  0012                     	;# 
    66  0013                     	;# 
    67  0014                     	;# 
    68  0015                     	;# 
    69  0015                     	;# 
    70  0016                     	;# 
    71  0017                     	;# 
    72  0018                     	;# 
    73  0019                     	;# 
    74  001A                     	;# 
    75  001B                     	;# 
    76  001B                     	;# 
    77  001C                     	;# 
    78  001D                     	;# 
    79  001E                     	;# 
    80  001F                     	;# 
    81  0081                     	;# 
    82  0085                     	;# 
    83  0086                     	;# 
    84  0087                     	;# 
    85  0088                     	;# 
    86  0089                     	;# 
    87  008C                     	;# 
    88  008D                     	;# 
    89  008E                     	;# 
    90  008F                     	;# 
    91  0090                     	;# 
    92  0091                     	;# 
    93  0092                     	;# 
    94  0093                     	;# 
    95  0093                     	;# 
    96  0093                     	;# 
    97  0094                     	;# 
    98  0095                     	;# 
    99  0096                     	;# 
   100  0097                     	;# 
   101  0098                     	;# 
   102  0099                     	;# 
   103  009A                     	;# 
   104  009B                     	;# 
   105  009C                     	;# 
   106  009D                     	;# 
   107  009E                     	;# 
   108  009F                     	;# 
   109  0105                     	;# 
   110  0107                     	;# 
   111  0108                     	;# 
   112  0109                     	;# 
   113  010C                     	;# 
   114  010C                     	;# 
   115  010D                     	;# 
   116  010E                     	;# 
   117  010F                     	;# 
   118  0185                     	;# 
   119  0187                     	;# 
   120  0188                     	;# 
   121  0189                     	;# 
   122  018C                     	;# 
   123  018D                     	;# 
   124                           
   125                           	psect	cinit
   126  07FC                     start_initialization:	
   127                           ; #config settings
   128                           
   129  07FC                     __initialization:
   130  07FC                     end_of_initialization:	
   131                           ;End of C runtime variable initialization code
   132                           
   133  07FC                     __end_of__initialization:
   134  07FC  0183               	clrf	3
   135  07FD  120A  118A  2FF9   	ljmp	_main	;jump to C main() function
   136                           
   137                           	psect	cstackCOMMON
   138  0070                     __pcstackCOMMON:
   139  0070                     ?_main:
   140  0070                     main@argc:	
   141                           ; 2 bytes @ 0x0
   142                           
   143                           
   144                           ; 2 bytes @ 0x0
   145  0070                     	ds	2
   146  0072                     main@argv:
   147                           
   148                           ; 2 bytes @ 0x2
   149  0072                     	ds	2
   150  0074                     ??_main:
   151                           
   152                           	psect	maintext
   153  07F9                     __pmaintext:	
   154                           ; 1 bytes @ 0x4
   155 ;;
   156 ;;Main: autosize = 0, tempsize = 0, incstack = 0, save=0
   157 ;;
   158 ;; *************** function _main *****************
   159 ;; Defined at:
   160 ;;		line 14 in file "main.c"
   161 ;; Parameters:    Size  Location     Type
   162 ;;  argc            2    0[COMMON] int 
   163 ;;  argv            2    2[COMMON] PTR PTR unsigned char 
   164 ;; Auto vars:     Size  Location     Type
   165 ;;		None
   166 ;; Return value:  Size  Location     Type
   167 ;;                  2    0[COMMON] int 
   168 ;; Registers used:
   169 ;;		None
   170 ;; Tracked objects:
   171 ;;		On entry : B00/0
   172 ;;		On exit  : 0/0
   173 ;;		Unchanged: 0/0
   174 ;; Data sizes:     COMMON   BANK0   BANK1   BANK3   BANK2
   175 ;;      Params:         4       0       0       0       0
   176 ;;      Locals:         0       0       0       0       0
   177 ;;      Temps:          0       0       0       0       0
   178 ;;      Totals:         4       0       0       0       0
   179 ;;Total ram usage:        4 bytes
   180 ;; This function calls:
   181 ;;		Nothing
   182 ;; This function is called by:
   183 ;;		Startup code after reset
   184 ;; This function uses a non-reentrant model
   185 ;;
   186                           
   187  07F9                     _main:	
   188                           ;psect for function _main
   189                           
   190  07F9                     l599:	
   191                           ;incstack = 0
   192                           ; Regs used in _main: []
   193                           
   194  07F9                     l5:	
   195                           ;main.c: 16:     return (0);;	Return value of _main is never used
   196                           
   197  07F9  120A  118A  2800   	ljmp	start
   198  07FC                     __end_of_main:
   199  007E                     btemp	set	126	;btemp
   200  007E                     wtemp0	set	126
   201                           
   202                           	psect	idloc
   203                           
   204                           ;Config register IDLOC0 @ 0x2000
   205                           ;	unspecified, using default values
   206  2000                     	org	8192
   207  2000  3FFF               	dw	16383
   208                           
   209                           ;Config register IDLOC1 @ 0x2001
   210                           ;	unspecified, using default values
   211  2001                     	org	8193
   212  2001  3FFF               	dw	16383
   213                           
   214                           ;Config register IDLOC2 @ 0x2002
   215                           ;	unspecified, using default values
   216  2002                     	org	8194
   217  2002  3FFF               	dw	16383
   218                           
   219                           ;Config register IDLOC3 @ 0x2003
   220                           ;	unspecified, using default values
   221  2003                     	org	8195
   222  2003  3FFF               	dw	16383
   223                           
   224                           	psect	config
   225                           
   226                           ;Config register CONFIG1 @ 0x2007
   227                           ;	unspecified, using default values
   228                           ;	Oscillator Selection bits
   229                           ;	FOSC = 0x7, unprogrammed default
   230                           ;	Watchdog Timer Enable bit
   231                           ;	WDTE = 0x1, unprogrammed default
   232                           ;	Power-up Timer Enable bit
   233                           ;	PWRTE = 0x1, unprogrammed default
   234                           ;	RE3/MCLR pin function select bit
   235                           ;	MCLRE = 0x1, unprogrammed default
   236                           ;	Code Protection bit
   237                           ;	CP = 0x1, unprogrammed default
   238                           ;	Data Code Protection bit
   239                           ;	CPD = 0x1, unprogrammed default
   240                           ;	Brown Out Reset Selection bits
   241                           ;	BOREN = 0x3, unprogrammed default
   242                           ;	Internal External Switchover bit
   243                           ;	IESO = 0x1, unprogrammed default
   244                           ;	Fail-Safe Clock Monitor Enabled bit
   245                           ;	FCMEN = 0x1, unprogrammed default
   246                           ;	Low Voltage Programming Enable bit
   247                           ;	LVP = 0x1, unprogrammed default
   248                           ;	In-Circuit Debugger Mode bit
   249                           ;	DEBUG = 0x1, unprogrammed default
   250  2007                     	org	8199
   251  2007  3FFF               	dw	16383
   252                           
   253                           ;Config register CONFIG2 @ 0x2008
   254                           ;	unspecified, using default values
   255                           ;	Brown-out Reset Selection bit
   256                           ;	BOR4V = 0x1, unprogrammed default
   257                           ;	Flash Program Memory Self Write Enable bits
   258                           ;	WRT = 0x3, unprogrammed default
   259  2008                     	org	8200
   260  2008  3FFF               	dw	16383

Data Sizes:
    Strings     0
    Constant    0
    Data        0
    BSS         0
    Persistent  0
    Stack       0

Auto Spaces:
    Space          Size  Autos    Used
    COMMON           14      4       4
    BANK0            80      0       0
    BANK1            80      0       0
    BANK3            96      0       0
    BANK2            96      0       0

Pointer List with Targets:

    None.

Critical Paths under _main in COMMON

    None.

Critical Paths under _main in BANK0

    None.

Critical Paths under _main in BANK1

    None.

Critical Paths under _main in BANK3

    None.

Critical Paths under _main in BANK2

    None.

Call Graph Tables:

 ---------------------------------------------------------------------------------
 (Depth) Function   	        Calls       Base Space   Used Autos Params    Refs
 ---------------------------------------------------------------------------------
 (0) _main                                                 4     0      4       0
                                              0 COMMON     4     0      4
 ---------------------------------------------------------------------------------
 Estimated maximum stack depth 0
 ---------------------------------------------------------------------------------

 Call Graph Graphs:

 _main (ROOT)

 Address spaces:
Name               Size   Autos  Total    Cost      Usage
BITCOMMON            E      0       0       0        0.0%
EEDATA             100      0       0       0        0.0%
NULL                 0      0       0       0        0.0%
CODE                 0      0       0       0        0.0%
COMMON               E      4       4       1       28.6%
BITSFR0              0      0       0       1        0.0%
SFR0                 0      0       0       1        0.0%
BITSFR1              0      0       0       2        0.0%
SFR1                 0      0       0       2        0.0%
STACK                0      0       0       2        0.0%
ABS                  0      0       0       3        0.0%
BITBANK0            50      0       0       4        0.0%
BITSFR3              0      0       0       4        0.0%
SFR3                 0      0       0       4        0.0%
BANK0               50      0       0       5        0.0%
BITSFR2              0      0       0       5        0.0%
SFR2                 0      0       0       5        0.0%
BITBANK1            50      0       0       6        0.0%
BANK1               50      0       0       7        0.0%
BITBANK3            60      0       0       8        0.0%
BANK3               60      0       0       9        0.0%
BITBANK2            60      0       0      10        0.0%
BANK2               60      0       0      11        0.0%
DATA                 0      0       0      12        0.0%


Microchip Technology PIC Macro Assembler V2.35 build 20211206165544 
Symbol Table                                                                                   Thu Jul 28 22:25:33 2022

                      l5 07F9                      l599 07F9                     _main 07F9  
                   btemp 007E                     start 0000                    ?_main 0070  
                  status 0003                    wtemp0 007E          __initialization 07FC  
           __end_of_main 07FC                   ??_main 0074  __end_of__initialization 07FC  
         __pcstackCOMMON 0070               __pmaintext 07F9     end_of_initialization 07FC  
    start_initialization 07FC                ___latbits 0002                 main@argc 0070  
               main@argv 0072  
